ERROR - 2022-03-22 23:30:07 --> Unknown column 'id' in 'where clause'
CRITICAL - 2022-03-22 23:30:07 --> Unknown column 'id' in 'where clause'
#0 C:\xampp\htdocs\casn\system\Database\MySQLi\Connection.php(292): mysqli->query('SELECT *\nFROM `...', 0)
#1 C:\xampp\htdocs\casn\system\Database\BaseConnection.php(670): CodeIgniter\Database\MySQLi\Connection->execute('SELECT *\nFROM `...')
#2 C:\xampp\htdocs\casn\system\Database\BaseConnection.php(598): CodeIgniter\Database\BaseConnection->simpleQuery('SELECT *\nFROM `...')
#3 C:\xampp\htdocs\casn\system\Database\BaseBuilder.php(1443): CodeIgniter\Database\BaseConnection->query('SELECT *\nFROM `...', Array, false)
#4 C:\xampp\htdocs\casn\system\Model.php(210): CodeIgniter\Database\BaseBuilder->get()
#5 C:\xampp\htdocs\casn\system\BaseModel.php(622): CodeIgniter\Model->doFirst()
#6 C:\xampp\htdocs\casn\app\Controllers\Rest.php(21): CodeIgniter\BaseModel->first()
#7 C:\xampp\htdocs\casn\system\CodeIgniter.php(824): App\Controllers\Rest->show('1')
#8 C:\xampp\htdocs\casn\system\CodeIgniter.php(410): CodeIgniter\CodeIgniter->runController(Object(App\Controllers\Rest))
#9 C:\xampp\htdocs\casn\system\CodeIgniter.php(318): CodeIgniter\CodeIgniter->handleRequest(NULL, Object(Config\Cache), false)
#10 C:\xampp\htdocs\casn\index.php(37): CodeIgniter\CodeIgniter->run()
#11 {main}
ERROR - 2022-03-22 23:30:48 --> Unknown column 'id_test' in 'where clause'
CRITICAL - 2022-03-22 23:30:48 --> Unknown column 'id_test' in 'where clause'
#0 C:\xampp\htdocs\casn\system\Database\MySQLi\Connection.php(292): mysqli->query('SELECT *\nFROM `...', 0)
#1 C:\xampp\htdocs\casn\system\Database\BaseConnection.php(670): CodeIgniter\Database\MySQLi\Connection->execute('SELECT *\nFROM `...')
#2 C:\xampp\htdocs\casn\system\Database\BaseConnection.php(598): CodeIgniter\Database\BaseConnection->simpleQuery('SELECT *\nFROM `...')
#3 C:\xampp\htdocs\casn\system\Database\BaseBuilder.php(1443): CodeIgniter\Database\BaseConnection->query('SELECT *\nFROM `...', Array, false)
#4 C:\xampp\htdocs\casn\system\Model.php(210): CodeIgniter\Database\BaseBuilder->get()
#5 C:\xampp\htdocs\casn\system\BaseModel.php(622): CodeIgniter\Model->doFirst()
#6 C:\xampp\htdocs\casn\app\Controllers\Rest.php(21): CodeIgniter\BaseModel->first()
#7 C:\xampp\htdocs\casn\system\CodeIgniter.php(824): App\Controllers\Rest->show('1')
#8 C:\xampp\htdocs\casn\system\CodeIgniter.php(410): CodeIgniter\CodeIgniter->runController(Object(App\Controllers\Rest))
#9 C:\xampp\htdocs\casn\system\CodeIgniter.php(318): CodeIgniter\CodeIgniter->handleRequest(NULL, Object(Config\Cache), false)
#10 C:\xampp\htdocs\casn\index.php(37): CodeIgniter\CodeIgniter->run()
#11 {main}
ERROR - 2022-03-22 23:32:47 --> Unknown column 'id_test' in 'where clause'
CRITICAL - 2022-03-22 23:32:47 --> Unknown column 'id_test' in 'where clause'
#0 C:\xampp\htdocs\casn\system\Database\MySQLi\Connection.php(292): mysqli->query('SELECT *\nFROM `...', 0)
#1 C:\xampp\htdocs\casn\system\Database\BaseConnection.php(670): CodeIgniter\Database\MySQLi\Connection->execute('SELECT *\nFROM `...')
#2 C:\xampp\htdocs\casn\system\Database\BaseConnection.php(598): CodeIgniter\Database\BaseConnection->simpleQuery('SELECT *\nFROM `...')
#3 C:\xampp\htdocs\casn\system\Database\BaseBuilder.php(1443): CodeIgniter\Database\BaseConnection->query('SELECT *\nFROM `...', Array, false)
#4 C:\xampp\htdocs\casn\system\Model.php(210): CodeIgniter\Database\BaseBuilder->get()
#5 C:\xampp\htdocs\casn\system\BaseModel.php(622): CodeIgniter\Model->doFirst()
#6 C:\xampp\htdocs\casn\app\Controllers\Rest.php(21): CodeIgniter\BaseModel->first()
#7 C:\xampp\htdocs\casn\system\CodeIgniter.php(824): App\Controllers\Rest->show('1')
#8 C:\xampp\htdocs\casn\system\CodeIgniter.php(410): CodeIgniter\CodeIgniter->runController(Object(App\Controllers\Rest))
#9 C:\xampp\htdocs\casn\system\CodeIgniter.php(318): CodeIgniter\CodeIgniter->handleRequest(NULL, Object(Config\Cache), false)
#10 C:\xampp\htdocs\casn\index.php(37): CodeIgniter\CodeIgniter->run()
#11 {main}
ERROR - 2022-03-22 23:41:21 --> Unknown column 'id' in 'order clause'
CRITICAL - 2022-03-22 23:41:21 --> Unknown column 'id' in 'order clause'
#0 C:\xampp\htdocs\casn\system\Database\MySQLi\Connection.php(292): mysqli->query('SELECT *\nFROM `...', 0)
#1 C:\xampp\htdocs\casn\system\Database\BaseConnection.php(670): CodeIgniter\Database\MySQLi\Connection->execute('SELECT *\nFROM `...')
#2 C:\xampp\htdocs\casn\system\Database\BaseConnection.php(598): CodeIgniter\Database\BaseConnection->simpleQuery('SELECT *\nFROM `...')
#3 C:\xampp\htdocs\casn\system\Database\BaseBuilder.php(1443): CodeIgniter\Database\BaseConnection->query('SELECT *\nFROM `...', Array, false)
#4 C:\xampp\htdocs\casn\system\Model.php(183): CodeIgniter\Database\BaseBuilder->get()
#5 C:\xampp\htdocs\casn\system\BaseModel.php(584): CodeIgniter\Model->doFindAll(0, 0)
#6 C:\xampp\htdocs\casn\app\Controllers\Rest.php(14): CodeIgniter\BaseModel->findAll()
#7 C:\xampp\htdocs\casn\system\CodeIgniter.php(824): App\Controllers\Rest->index()
#8 C:\xampp\htdocs\casn\system\CodeIgniter.php(410): CodeIgniter\CodeIgniter->runController(Object(App\Controllers\Rest))
#9 C:\xampp\htdocs\casn\system\CodeIgniter.php(318): CodeIgniter\CodeIgniter->handleRequest(NULL, Object(Config\Cache), false)
#10 C:\xampp\htdocs\casn\index.php(37): CodeIgniter\CodeIgniter->run()
#11 {main}
ERROR - 2022-03-22 23:42:41 --> Unknown column 'id' in 'order clause'
CRITICAL - 2022-03-22 23:42:41 --> Unknown column 'id' in 'order clause'
#0 C:\xampp\htdocs\casn\system\Database\MySQLi\Connection.php(292): mysqli->query('SELECT *\nFROM `...', 0)
#1 C:\xampp\htdocs\casn\system\Database\BaseConnection.php(670): CodeIgniter\Database\MySQLi\Connection->execute('SELECT *\nFROM `...')
#2 C:\xampp\htdocs\casn\system\Database\BaseConnection.php(598): CodeIgniter\Database\BaseConnection->simpleQuery('SELECT *\nFROM `...')
#3 C:\xampp\htdocs\casn\system\Database\BaseBuilder.php(1443): CodeIgniter\Database\BaseConnection->query('SELECT *\nFROM `...', Array, false)
#4 C:\xampp\htdocs\casn\system\Model.php(183): CodeIgniter\Database\BaseBuilder->get()
#5 C:\xampp\htdocs\casn\system\BaseModel.php(584): CodeIgniter\Model->doFindAll(0, 0)
#6 C:\xampp\htdocs\casn\app\Controllers\Rest.php(14): CodeIgniter\BaseModel->findAll()
#7 C:\xampp\htdocs\casn\system\CodeIgniter.php(824): App\Controllers\Rest->index()
#8 C:\xampp\htdocs\casn\system\CodeIgniter.php(410): CodeIgniter\CodeIgniter->runController(Object(App\Controllers\Rest))
#9 C:\xampp\htdocs\casn\system\CodeIgniter.php(318): CodeIgniter\CodeIgniter->handleRequest(NULL, Object(Config\Cache), false)
#10 C:\xampp\htdocs\casn\index.php(37): CodeIgniter\CodeIgniter->run()
#11 {main}
ERROR - 2022-03-22 23:43:17 --> Unknown column 'id' in 'order clause'
CRITICAL - 2022-03-22 23:43:17 --> Unknown column 'id' in 'order clause'
#0 C:\xampp\htdocs\casn\system\Database\MySQLi\Connection.php(292): mysqli->query('SELECT *\nFROM `...', 0)
#1 C:\xampp\htdocs\casn\system\Database\BaseConnection.php(670): CodeIgniter\Database\MySQLi\Connection->execute('SELECT *\nFROM `...')
#2 C:\xampp\htdocs\casn\system\Database\BaseConnection.php(598): CodeIgniter\Database\BaseConnection->simpleQuery('SELECT *\nFROM `...')
#3 C:\xampp\htdocs\casn\system\Database\BaseBuilder.php(1443): CodeIgniter\Database\BaseConnection->query('SELECT *\nFROM `...', Array, false)
#4 C:\xampp\htdocs\casn\system\Model.php(183): CodeIgniter\Database\BaseBuilder->get()
#5 C:\xampp\htdocs\casn\system\BaseModel.php(584): CodeIgniter\Model->doFindAll(0, 0)
#6 C:\xampp\htdocs\casn\app\Controllers\Rest.php(14): CodeIgniter\BaseModel->findAll()
#7 C:\xampp\htdocs\casn\system\CodeIgniter.php(824): App\Controllers\Rest->index()
#8 C:\xampp\htdocs\casn\system\CodeIgniter.php(410): CodeIgniter\CodeIgniter->runController(Object(App\Controllers\Rest))
#9 C:\xampp\htdocs\casn\system\CodeIgniter.php(318): CodeIgniter\CodeIgniter->handleRequest(NULL, Object(Config\Cache), false)
#10 C:\xampp\htdocs\casn\index.php(37): CodeIgniter\CodeIgniter->run()
#11 {main}
ERROR - 2022-03-22 23:43:54 --> Unknown column 'id' in 'order clause'
CRITICAL - 2022-03-22 23:43:54 --> Unknown column 'id' in 'order clause'
#0 C:\xampp\htdocs\casn\system\Database\MySQLi\Connection.php(292): mysqli->query('SELECT *\nFROM `...', 0)
#1 C:\xampp\htdocs\casn\system\Database\BaseConnection.php(670): CodeIgniter\Database\MySQLi\Connection->execute('SELECT *\nFROM `...')
#2 C:\xampp\htdocs\casn\system\Database\BaseConnection.php(598): CodeIgniter\Database\BaseConnection->simpleQuery('SELECT *\nFROM `...')
#3 C:\xampp\htdocs\casn\system\Database\BaseBuilder.php(1443): CodeIgniter\Database\BaseConnection->query('SELECT *\nFROM `...', Array, false)
#4 C:\xampp\htdocs\casn\system\Model.php(183): CodeIgniter\Database\BaseBuilder->get()
#5 C:\xampp\htdocs\casn\system\BaseModel.php(584): CodeIgniter\Model->doFindAll(0, 0)
#6 C:\xampp\htdocs\casn\app\Controllers\Rest.php(14): CodeIgniter\BaseModel->findAll()
#7 C:\xampp\htdocs\casn\system\CodeIgniter.php(824): App\Controllers\Rest->index()
#8 C:\xampp\htdocs\casn\system\CodeIgniter.php(410): CodeIgniter\CodeIgniter->runController(Object(App\Controllers\Rest))
#9 C:\xampp\htdocs\casn\system\CodeIgniter.php(318): CodeIgniter\CodeIgniter->handleRequest(NULL, Object(Config\Cache), false)
#10 C:\xampp\htdocs\casn\index.php(37): CodeIgniter\CodeIgniter->run()
#11 {main}
ERROR - 2022-03-22 23:44:53 --> Unknown column 'id' in 'order clause'
CRITICAL - 2022-03-22 23:44:53 --> Unknown column 'id' in 'order clause'
#0 C:\xampp\htdocs\casn\system\Database\MySQLi\Connection.php(292): mysqli->query('SELECT *\nFROM `...', 0)
#1 C:\xampp\htdocs\casn\system\Database\BaseConnection.php(670): CodeIgniter\Database\MySQLi\Connection->execute('SELECT *\nFROM `...')
#2 C:\xampp\htdocs\casn\system\Database\BaseConnection.php(598): CodeIgniter\Database\BaseConnection->simpleQuery('SELECT *\nFROM `...')
#3 C:\xampp\htdocs\casn\system\Database\BaseBuilder.php(1443): CodeIgniter\Database\BaseConnection->query('SELECT *\nFROM `...', Array, false)
#4 C:\xampp\htdocs\casn\system\Model.php(183): CodeIgniter\Database\BaseBuilder->get()
#5 C:\xampp\htdocs\casn\system\BaseModel.php(584): CodeIgniter\Model->doFindAll(0, 0)
#6 C:\xampp\htdocs\casn\app\Controllers\Rest.php(14): CodeIgniter\BaseModel->findAll()
#7 C:\xampp\htdocs\casn\system\CodeIgniter.php(824): App\Controllers\Rest->index()
#8 C:\xampp\htdocs\casn\system\CodeIgniter.php(410): CodeIgniter\CodeIgniter->runController(Object(App\Controllers\Rest))
#9 C:\xampp\htdocs\casn\system\CodeIgniter.php(318): CodeIgniter\CodeIgniter->handleRequest(NULL, Object(Config\Cache), false)
#10 C:\xampp\htdocs\casn\index.php(37): CodeIgniter\CodeIgniter->run()
#11 {main}
ERROR - 2022-03-22 23:45:01 --> Unknown column 'id' in 'order clause'
CRITICAL - 2022-03-22 23:45:01 --> Unknown column 'id' in 'order clause'
#0 C:\xampp\htdocs\casn\system\Database\MySQLi\Connection.php(292): mysqli->query('SELECT *\nFROM `...', 0)
#1 C:\xampp\htdocs\casn\system\Database\BaseConnection.php(670): CodeIgniter\Database\MySQLi\Connection->execute('SELECT *\nFROM `...')
#2 C:\xampp\htdocs\casn\system\Database\BaseConnection.php(598): CodeIgniter\Database\BaseConnection->simpleQuery('SELECT *\nFROM `...')
#3 C:\xampp\htdocs\casn\system\Database\BaseBuilder.php(1443): CodeIgniter\Database\BaseConnection->query('SELECT *\nFROM `...', Array, false)
#4 C:\xampp\htdocs\casn\system\Model.php(183): CodeIgniter\Database\BaseBuilder->get()
#5 C:\xampp\htdocs\casn\system\BaseModel.php(584): CodeIgniter\Model->doFindAll(0, 0)
#6 C:\xampp\htdocs\casn\app\Controllers\Rest.php(14): CodeIgniter\BaseModel->findAll()
#7 C:\xampp\htdocs\casn\system\CodeIgniter.php(824): App\Controllers\Rest->index()
#8 C:\xampp\htdocs\casn\system\CodeIgniter.php(410): CodeIgniter\CodeIgniter->runController(Object(App\Controllers\Rest))
#9 C:\xampp\htdocs\casn\system\CodeIgniter.php(318): CodeIgniter\CodeIgniter->handleRequest(NULL, Object(Config\Cache), false)
#10 C:\xampp\htdocs\casn\index.php(37): CodeIgniter\CodeIgniter->run()
#11 {main}
ERROR - 2022-03-22 23:48:12 --> Unknown column 'id' in 'order clause'
CRITICAL - 2022-03-22 23:48:12 --> Unknown column 'id' in 'order clause'
#0 C:\xampp\htdocs\casn\system\Database\MySQLi\Connection.php(292): mysqli->query('SELECT *\nFROM `...', 0)
#1 C:\xampp\htdocs\casn\system\Database\BaseConnection.php(670): CodeIgniter\Database\MySQLi\Connection->execute('SELECT *\nFROM `...')
#2 C:\xampp\htdocs\casn\system\Database\BaseConnection.php(598): CodeIgniter\Database\BaseConnection->simpleQuery('SELECT *\nFROM `...')
#3 C:\xampp\htdocs\casn\system\Database\BaseBuilder.php(1443): CodeIgniter\Database\BaseConnection->query('SELECT *\nFROM `...', Array, false)
#4 C:\xampp\htdocs\casn\system\Model.php(183): CodeIgniter\Database\BaseBuilder->get()
#5 C:\xampp\htdocs\casn\system\BaseModel.php(584): CodeIgniter\Model->doFindAll(0, 0)
#6 C:\xampp\htdocs\casn\app\Controllers\Rest.php(14): CodeIgniter\BaseModel->findAll()
#7 C:\xampp\htdocs\casn\system\CodeIgniter.php(824): App\Controllers\Rest->index()
#8 C:\xampp\htdocs\casn\system\CodeIgniter.php(410): CodeIgniter\CodeIgniter->runController(Object(App\Controllers\Rest))
#9 C:\xampp\htdocs\casn\system\CodeIgniter.php(318): CodeIgniter\CodeIgniter->handleRequest(NULL, Object(Config\Cache), false)
#10 C:\xampp\htdocs\casn\index.php(37): CodeIgniter\CodeIgniter->run()
#11 {main}
ERROR - 2022-03-22 23:49:24 --> Unknown column 'id' in 'order clause'
CRITICAL - 2022-03-22 23:49:24 --> Unknown column 'id' in 'order clause'
#0 C:\xampp\htdocs\casn\system\Database\MySQLi\Connection.php(292): mysqli->query('SELECT *\nFROM `...', 0)
#1 C:\xampp\htdocs\casn\system\Database\BaseConnection.php(670): CodeIgniter\Database\MySQLi\Connection->execute('SELECT *\nFROM `...')
#2 C:\xampp\htdocs\casn\system\Database\BaseConnection.php(598): CodeIgniter\Database\BaseConnection->simpleQuery('SELECT *\nFROM `...')
#3 C:\xampp\htdocs\casn\system\Database\BaseBuilder.php(1443): CodeIgniter\Database\BaseConnection->query('SELECT *\nFROM `...', Array, false)
#4 C:\xampp\htdocs\casn\system\Model.php(183): CodeIgniter\Database\BaseBuilder->get()
#5 C:\xampp\htdocs\casn\system\BaseModel.php(584): CodeIgniter\Model->doFindAll(0, 0)
#6 C:\xampp\htdocs\casn\app\Controllers\Rest.php(14): CodeIgniter\BaseModel->findAll()
#7 C:\xampp\htdocs\casn\system\CodeIgniter.php(824): App\Controllers\Rest->index()
#8 C:\xampp\htdocs\casn\system\CodeIgniter.php(410): CodeIgniter\CodeIgniter->runController(Object(App\Controllers\Rest))
#9 C:\xampp\htdocs\casn\system\CodeIgniter.php(318): CodeIgniter\CodeIgniter->handleRequest(NULL, Object(Config\Cache), false)
#10 C:\xampp\htdocs\casn\index.php(37): CodeIgniter\CodeIgniter->run()
#11 {main}
