CRITICAL - 2022-03-29 01:57:40 --> Class 'App\libraries\Breadcrumb' not found
#0 C:\xampp\htdocs\casn\system\CodeIgniter.php(801): App\Controllers\Bread->__construct()
#1 C:\xampp\htdocs\casn\system\CodeIgniter.php(401): CodeIgniter\CodeIgniter->createController()
#2 C:\xampp\htdocs\casn\system\CodeIgniter.php(318): CodeIgniter\CodeIgniter->handleRequest(NULL, Object(Config\Cache), false)
#3 C:\xampp\htdocs\casn\index.php(37): CodeIgniter\CodeIgniter->run()
#4 {main}
CRITICAL - 2022-03-29 02:05:11 --> Class 'App\libraries\Breadcrumb' not found
#0 C:\xampp\htdocs\casn\system\CodeIgniter.php(801): App\Controllers\Bread->__construct()
#1 C:\xampp\htdocs\casn\system\CodeIgniter.php(401): CodeIgniter\CodeIgniter->createController()
#2 C:\xampp\htdocs\casn\system\CodeIgniter.php(318): CodeIgniter\CodeIgniter->handleRequest(NULL, Object(Config\Cache), false)
#3 C:\xampp\htdocs\casn\index.php(37): CodeIgniter\CodeIgniter->run()
#4 {main}
CRITICAL - 2022-03-29 02:10:10 --> Class 'App\libraries\Breadcrumb' not found
#0 C:\xampp\htdocs\casn\system\CodeIgniter.php(801): App\Controllers\Bread->__construct()
#1 C:\xampp\htdocs\casn\system\CodeIgniter.php(401): CodeIgniter\CodeIgniter->createController()
#2 C:\xampp\htdocs\casn\system\CodeIgniter.php(318): CodeIgniter\CodeIgniter->handleRequest(NULL, Object(Config\Cache), false)
#3 C:\xampp\htdocs\casn\index.php(37): CodeIgniter\CodeIgniter->run()
#4 {main}
CRITICAL - 2022-03-29 02:12:12 --> Class 'App\libraries\Breadcrumb' not found
#0 C:\xampp\htdocs\casn\system\CodeIgniter.php(801): App\Controllers\Bread->__construct()
#1 C:\xampp\htdocs\casn\system\CodeIgniter.php(401): CodeIgniter\CodeIgniter->createController()
#2 C:\xampp\htdocs\casn\system\CodeIgniter.php(318): CodeIgniter\CodeIgniter->handleRequest(NULL, Object(Config\Cache), false)
#3 C:\xampp\htdocs\casn\index.php(37): CodeIgniter\CodeIgniter->run()
#4 {main}
CRITICAL - 2022-03-29 02:18:15 --> Invalid file: home.php
#0 C:\xampp\htdocs\casn\system\View\View.php(198): CodeIgniter\Exceptions\FrameworkException::forInvalidFile('home.php')
#1 C:\xampp\htdocs\casn\system\Common.php(1097): CodeIgniter\View\View->render('home', Array, true)
#2 C:\xampp\htdocs\casn\app\Controllers\Bread.php(27): view('home', Array)
#3 C:\xampp\htdocs\casn\system\CodeIgniter.php(824): App\Controllers\Bread->index()
#4 C:\xampp\htdocs\casn\system\CodeIgniter.php(410): CodeIgniter\CodeIgniter->runController(Object(App\Controllers\Bread))
#5 C:\xampp\htdocs\casn\system\CodeIgniter.php(318): CodeIgniter\CodeIgniter->handleRequest(NULL, Object(Config\Cache), false)
#6 C:\xampp\htdocs\casn\index.php(37): CodeIgniter\CodeIgniter->run()
#7 {main}
CRITICAL - 2022-03-29 02:18:56 --> Undefined variable: user
#0 C:\xampp\htdocs\casn\app\Views\temp\sidebar.php(14): CodeIgniter\Debug\Exceptions->errorHandler(8, 'Undefined varia...', 'C:\\xampp\\htdocs...', 14, Array)
#1 C:\xampp\htdocs\casn\system\View\View.php(214): include('C:\\xampp\\htdocs...')
#2 C:\xampp\htdocs\casn\system\View\View.php(217): CodeIgniter\View\View->CodeIgniter\View\{closure}()
#3 C:\xampp\htdocs\casn\system\View\View.php(432): CodeIgniter\View\View->render('temp/sidebar', NULL, true)
#4 C:\xampp\htdocs\casn\app\Views\temp\tempcore.php(3): CodeIgniter\View\View->include('temp/sidebar')
#5 C:\xampp\htdocs\casn\system\View\View.php(214): include('C:\\xampp\\htdocs...')
#6 C:\xampp\htdocs\casn\system\View\View.php(217): CodeIgniter\View\View->CodeIgniter\View\{closure}()
#7 C:\xampp\htdocs\casn\system\View\View.php(230): CodeIgniter\View\View->render('temp/tempcore', Array, true)
#8 C:\xampp\htdocs\casn\system\Common.php(1097): CodeIgniter\View\View->render('admin/index', Array, true)
#9 C:\xampp\htdocs\casn\app\Controllers\Bread.php(27): view('admin/index', Array)
#10 C:\xampp\htdocs\casn\system\CodeIgniter.php(824): App\Controllers\Bread->index()
#11 C:\xampp\htdocs\casn\system\CodeIgniter.php(410): CodeIgniter\CodeIgniter->runController(Object(App\Controllers\Bread))
#12 C:\xampp\htdocs\casn\system\CodeIgniter.php(318): CodeIgniter\CodeIgniter->handleRequest(NULL, Object(Config\Cache), false)
#13 C:\xampp\htdocs\casn\index.php(37): CodeIgniter\CodeIgniter->run()
#14 {main}
