CRITICAL - 2022-03-14 00:14:17 --> syntax error, unexpected '' (T_ENCAPSED_AND_WHITESPACE), expecting '-' or identifier (T_STRING) or variable (T_VARIABLE) or number (T_NUM_STRING)
#0 C:\xampp\htdocs\casn\system\Autoloader\Autoloader.php(241): CodeIgniter\Autoloader\Autoloader->includeFile('C:\\xampp\\htdocs...')
#1 C:\xampp\htdocs\casn\system\Autoloader\Autoloader.php(219): CodeIgniter\Autoloader\Autoloader->loadInNamespace('App\\Models\\Cust...')
#2 [internal function]: CodeIgniter\Autoloader\Autoloader->loadClass('App\\Models\\Cust...')
#3 C:\xampp\htdocs\casn\app\Controllers\Usermenu.php(14): spl_autoload_call('App\\Models\\Cust...')
#4 C:\xampp\htdocs\casn\system\CodeIgniter.php(801): App\Controllers\Usermenu->__construct()
#5 C:\xampp\htdocs\casn\system\CodeIgniter.php(401): CodeIgniter\CodeIgniter->createController()
#6 C:\xampp\htdocs\casn\system\CodeIgniter.php(318): CodeIgniter\CodeIgniter->handleRequest(NULL, Object(Config\Cache), false)
#7 C:\xampp\htdocs\casn\index.php(37): CodeIgniter\CodeIgniter->run()
#8 {main}
CRITICAL - 2022-03-14 00:14:41 --> syntax error, unexpected '' (T_ENCAPSED_AND_WHITESPACE), expecting '-' or identifier (T_STRING) or variable (T_VARIABLE) or number (T_NUM_STRING)
#0 C:\xampp\htdocs\casn\system\Autoloader\Autoloader.php(241): CodeIgniter\Autoloader\Autoloader->includeFile('C:\\xampp\\htdocs...')
#1 C:\xampp\htdocs\casn\system\Autoloader\Autoloader.php(219): CodeIgniter\Autoloader\Autoloader->loadInNamespace('App\\Models\\Cust...')
#2 [internal function]: CodeIgniter\Autoloader\Autoloader->loadClass('App\\Models\\Cust...')
#3 C:\xampp\htdocs\casn\app\Controllers\Usermenu.php(14): spl_autoload_call('App\\Models\\Cust...')
#4 C:\xampp\htdocs\casn\system\CodeIgniter.php(801): App\Controllers\Usermenu->__construct()
#5 C:\xampp\htdocs\casn\system\CodeIgniter.php(401): CodeIgniter\CodeIgniter->createController()
#6 C:\xampp\htdocs\casn\system\CodeIgniter.php(318): CodeIgniter\CodeIgniter->handleRequest(NULL, Object(Config\Cache), false)
#7 C:\xampp\htdocs\casn\index.php(37): CodeIgniter\CodeIgniter->run()
#8 {main}
CRITICAL - 2022-03-14 00:15:13 --> syntax error, unexpected '' (T_ENCAPSED_AND_WHITESPACE), expecting '-' or identifier (T_STRING) or variable (T_VARIABLE) or number (T_NUM_STRING)
#0 C:\xampp\htdocs\casn\system\Autoloader\Autoloader.php(241): CodeIgniter\Autoloader\Autoloader->includeFile('C:\\xampp\\htdocs...')
#1 C:\xampp\htdocs\casn\system\Autoloader\Autoloader.php(219): CodeIgniter\Autoloader\Autoloader->loadInNamespace('App\\Models\\Cust...')
#2 [internal function]: CodeIgniter\Autoloader\Autoloader->loadClass('App\\Models\\Cust...')
#3 C:\xampp\htdocs\casn\app\Controllers\Usermenu.php(14): spl_autoload_call('App\\Models\\Cust...')
#4 C:\xampp\htdocs\casn\system\CodeIgniter.php(801): App\Controllers\Usermenu->__construct()
#5 C:\xampp\htdocs\casn\system\CodeIgniter.php(401): CodeIgniter\CodeIgniter->createController()
#6 C:\xampp\htdocs\casn\system\CodeIgniter.php(318): CodeIgniter\CodeIgniter->handleRequest(NULL, Object(Config\Cache), false)
#7 C:\xampp\htdocs\casn\index.php(37): CodeIgniter\CodeIgniter->run()
#8 {main}
CRITICAL - 2022-03-14 00:51:15 --> Array to string conversion
#0 C:\xampp\htdocs\casn\app\Controllers\Usermenu.php(58): CodeIgniter\Debug\Exceptions->errorHandler(8, 'Array to string...', 'C:\\xampp\\htdocs...', 58, Array)
#1 C:\xampp\htdocs\casn\system\CodeIgniter.php(824): App\Controllers\Usermenu->model()
#2 C:\xampp\htdocs\casn\system\CodeIgniter.php(410): CodeIgniter\CodeIgniter->runController(Object(App\Controllers\Usermenu))
#3 C:\xampp\htdocs\casn\system\CodeIgniter.php(318): CodeIgniter\CodeIgniter->handleRequest(NULL, Object(Config\Cache), false)
#4 C:\xampp\htdocs\casn\index.php(37): CodeIgniter\CodeIgniter->run()
#5 {main}
CRITICAL - 2022-03-14 00:54:02 --> Cannot use object of type stdClass as array
#0 C:\xampp\htdocs\casn\system\CodeIgniter.php(824): App\Controllers\Usermenu->model()
#1 C:\xampp\htdocs\casn\system\CodeIgniter.php(410): CodeIgniter\CodeIgniter->runController(Object(App\Controllers\Usermenu))
#2 C:\xampp\htdocs\casn\system\CodeIgniter.php(318): CodeIgniter\CodeIgniter->handleRequest(NULL, Object(Config\Cache), false)
#3 C:\xampp\htdocs\casn\index.php(37): CodeIgniter\CodeIgniter->run()
#4 {main}
CRITICAL - 2022-03-14 00:56:07 --> Cannot use object of type stdClass as array
#0 C:\xampp\htdocs\casn\system\CodeIgniter.php(824): App\Controllers\Usermenu->model()
#1 C:\xampp\htdocs\casn\system\CodeIgniter.php(410): CodeIgniter\CodeIgniter->runController(Object(App\Controllers\Usermenu))
#2 C:\xampp\htdocs\casn\system\CodeIgniter.php(318): CodeIgniter\CodeIgniter->handleRequest(NULL, Object(Config\Cache), false)
#3 C:\xampp\htdocs\casn\index.php(37): CodeIgniter\CodeIgniter->run()
#4 {main}
CRITICAL - 2022-03-14 00:56:17 --> Cannot use object of type stdClass as array
#0 C:\xampp\htdocs\casn\system\CodeIgniter.php(824): App\Controllers\Usermenu->model()
#1 C:\xampp\htdocs\casn\system\CodeIgniter.php(410): CodeIgniter\CodeIgniter->runController(Object(App\Controllers\Usermenu))
#2 C:\xampp\htdocs\casn\system\CodeIgniter.php(318): CodeIgniter\CodeIgniter->handleRequest(NULL, Object(Config\Cache), false)
#3 C:\xampp\htdocs\casn\index.php(37): CodeIgniter\CodeIgniter->run()
#4 {main}
CRITICAL - 2022-03-14 00:56:37 --> Cannot use object of type stdClass as array
#0 C:\xampp\htdocs\casn\system\CodeIgniter.php(824): App\Controllers\Usermenu->model()
#1 C:\xampp\htdocs\casn\system\CodeIgniter.php(410): CodeIgniter\CodeIgniter->runController(Object(App\Controllers\Usermenu))
#2 C:\xampp\htdocs\casn\system\CodeIgniter.php(318): CodeIgniter\CodeIgniter->handleRequest(NULL, Object(Config\Cache), false)
#3 C:\xampp\htdocs\casn\index.php(37): CodeIgniter\CodeIgniter->run()
#4 {main}
CRITICAL - 2022-03-14 01:04:16 --> Cannot use object of type stdClass as array
#0 C:\xampp\htdocs\casn\system\CodeIgniter.php(824): App\Controllers\Usermenu->model()
#1 C:\xampp\htdocs\casn\system\CodeIgniter.php(410): CodeIgniter\CodeIgniter->runController(Object(App\Controllers\Usermenu))
#2 C:\xampp\htdocs\casn\system\CodeIgniter.php(318): CodeIgniter\CodeIgniter->handleRequest(NULL, Object(Config\Cache), false)
#3 C:\xampp\htdocs\casn\index.php(37): CodeIgniter\CodeIgniter->run()
#4 {main}
CRITICAL - 2022-03-14 01:05:12 --> Cannot use object of type stdClass as array
#0 C:\xampp\htdocs\casn\system\CodeIgniter.php(824): App\Controllers\Usermenu->model()
#1 C:\xampp\htdocs\casn\system\CodeIgniter.php(410): CodeIgniter\CodeIgniter->runController(Object(App\Controllers\Usermenu))
#2 C:\xampp\htdocs\casn\system\CodeIgniter.php(318): CodeIgniter\CodeIgniter->handleRequest(NULL, Object(Config\Cache), false)
#3 C:\xampp\htdocs\casn\index.php(37): CodeIgniter\CodeIgniter->run()
#4 {main}
CRITICAL - 2022-03-14 01:06:04 --> Undefined property: stdClass::$soal
#0 C:\xampp\htdocs\casn\app\Controllers\Usermenu.php(58): CodeIgniter\Debug\Exceptions->errorHandler(8, 'Undefined prope...', 'C:\\xampp\\htdocs...', 58, Array)
#1 C:\xampp\htdocs\casn\system\CodeIgniter.php(824): App\Controllers\Usermenu->model()
#2 C:\xampp\htdocs\casn\system\CodeIgniter.php(410): CodeIgniter\CodeIgniter->runController(Object(App\Controllers\Usermenu))
#3 C:\xampp\htdocs\casn\system\CodeIgniter.php(318): CodeIgniter\CodeIgniter->handleRequest(NULL, Object(Config\Cache), false)
#4 C:\xampp\htdocs\casn\index.php(37): CodeIgniter\CodeIgniter->run()
#5 {main}
CRITICAL - 2022-03-14 02:01:30 --> Undefined property: CodeIgniter\Database\MySQLi\Result::$getresult
#0 C:\xampp\htdocs\casn\app\Controllers\Usermenu.php(70): CodeIgniter\Debug\Exceptions->errorHandler(8, 'Undefined prope...', 'C:\\xampp\\htdocs...', 70, Array)
#1 C:\xampp\htdocs\casn\system\CodeIgniter.php(824): App\Controllers\Usermenu->jawaban()
#2 C:\xampp\htdocs\casn\system\CodeIgniter.php(410): CodeIgniter\CodeIgniter->runController(Object(App\Controllers\Usermenu))
#3 C:\xampp\htdocs\casn\system\CodeIgniter.php(318): CodeIgniter\CodeIgniter->handleRequest(NULL, Object(Config\Cache), false)
#4 C:\xampp\htdocs\casn\index.php(37): CodeIgniter\CodeIgniter->run()
#5 {main}
CRITICAL - 2022-03-14 02:08:34 --> explode() expects at least 2 parameters, 1 given
#0 [internal function]: CodeIgniter\Debug\Exceptions->errorHandler(2, 'explode() expec...', 'C:\\xampp\\htdocs...', 73, Array)
#1 C:\xampp\htdocs\casn\app\Controllers\Usermenu.php(73): explode('1=b,2=c,3=d,4=e...')
#2 C:\xampp\htdocs\casn\system\CodeIgniter.php(824): App\Controllers\Usermenu->jawaban()
#3 C:\xampp\htdocs\casn\system\CodeIgniter.php(410): CodeIgniter\CodeIgniter->runController(Object(App\Controllers\Usermenu))
#4 C:\xampp\htdocs\casn\system\CodeIgniter.php(318): CodeIgniter\CodeIgniter->handleRequest(NULL, Object(Config\Cache), false)
#5 C:\xampp\htdocs\casn\index.php(37): CodeIgniter\CodeIgniter->run()
#6 {main}
