CRITICAL - 2022-02-27 22:05:05 --> Invalid file: templates/admin_template.php
#0 C:\xampp\htdocs\casn\system\View\View.php(198): CodeIgniter\Exceptions\FrameworkException::forInvalidFile('templates/admin...')
#1 C:\xampp\htdocs\casn\system\View\View.php(230): CodeIgniter\View\View->render('templates/admin...', Array, true)
#2 C:\xampp\htdocs\casn\system\Common.php(1097): CodeIgniter\View\View->render('admin/index', Array, true)
#3 C:\xampp\htdocs\casn\app\Controllers\Home.php(9): view('admin/index')
#4 C:\xampp\htdocs\casn\system\CodeIgniter.php(824): App\Controllers\Home->index()
#5 C:\xampp\htdocs\casn\system\CodeIgniter.php(410): CodeIgniter\CodeIgniter->runController(Object(App\Controllers\Home))
#6 C:\xampp\htdocs\casn\system\CodeIgniter.php(318): CodeIgniter\CodeIgniter->handleRequest(NULL, Object(Config\Cache), false)
#7 C:\xampp\htdocs\casn\index.php(37): CodeIgniter\CodeIgniter->run()
#8 {main}
CRITICAL - 2022-02-27 22:09:25 --> Invalid file: admin/starter.php
#0 C:\xampp\htdocs\casn\system\View\View.php(198): CodeIgniter\Exceptions\FrameworkException::forInvalidFile('admin/starter.p...')
#1 C:\xampp\htdocs\casn\system\Common.php(1097): CodeIgniter\View\View->render('admin/starter', Array, true)
#2 C:\xampp\htdocs\casn\app\Controllers\Home.php(9): view('admin/starter')
#3 C:\xampp\htdocs\casn\system\CodeIgniter.php(824): App\Controllers\Home->index()
#4 C:\xampp\htdocs\casn\system\CodeIgniter.php(410): CodeIgniter\CodeIgniter->runController(Object(App\Controllers\Home))
#5 C:\xampp\htdocs\casn\system\CodeIgniter.php(318): CodeIgniter\CodeIgniter->handleRequest(NULL, Object(Config\Cache), false)
#6 C:\xampp\htdocs\casn\index.php(37): CodeIgniter\CodeIgniter->run()
#7 {main}
CRITICAL - 2022-02-27 22:15:54 --> Invalid file: templates/admin_template.php
#0 C:\xampp\htdocs\casn\system\View\View.php(198): CodeIgniter\Exceptions\FrameworkException::forInvalidFile('templates/admin...')
#1 C:\xampp\htdocs\casn\system\View\View.php(230): CodeIgniter\View\View->render('templates/admin...', Array, true)
#2 C:\xampp\htdocs\casn\system\Common.php(1097): CodeIgniter\View\View->render('admin/index', Array, true)
#3 C:\xampp\htdocs\casn\app\Controllers\Home.php(9): view('admin/index')
#4 C:\xampp\htdocs\casn\system\CodeIgniter.php(824): App\Controllers\Home->index()
#5 C:\xampp\htdocs\casn\system\CodeIgniter.php(410): CodeIgniter\CodeIgniter->runController(Object(App\Controllers\Home))
#6 C:\xampp\htdocs\casn\system\CodeIgniter.php(318): CodeIgniter\CodeIgniter->handleRequest(NULL, Object(Config\Cache), false)
#7 C:\xampp\htdocs\casn\index.php(37): CodeIgniter\CodeIgniter->run()
#8 {main}
CRITICAL - 2022-02-27 23:08:15 --> Function name must be a string
#0 C:\xampp\htdocs\casn\system\View\View.php(214): include()
#1 C:\xampp\htdocs\casn\system\View\View.php(217): CodeIgniter\View\View->CodeIgniter\View\{closure}()
#2 C:\xampp\htdocs\casn\system\View\View.php(432): CodeIgniter\View\View->render('temp/sidebar', NULL, true)
#3 C:\xampp\htdocs\casn\app\Views\temp\tempcore.php(3): CodeIgniter\View\View->include('temp/sidebar')
#4 C:\xampp\htdocs\casn\system\View\View.php(214): include('C:\\xampp\\htdocs...')
#5 C:\xampp\htdocs\casn\system\View\View.php(217): CodeIgniter\View\View->CodeIgniter\View\{closure}()
#6 C:\xampp\htdocs\casn\system\View\View.php(230): CodeIgniter\View\View->render('temp/tempcore', Array, true)
#7 C:\xampp\htdocs\casn\system\Common.php(1097): CodeIgniter\View\View->render('admin/index', Array, true)
#8 C:\xampp\htdocs\casn\app\Controllers\Home.php(9): view('admin/index')
#9 C:\xampp\htdocs\casn\system\CodeIgniter.php(824): App\Controllers\Home->index()
#10 C:\xampp\htdocs\casn\system\CodeIgniter.php(410): CodeIgniter\CodeIgniter->runController(Object(App\Controllers\Home))
#11 C:\xampp\htdocs\casn\system\CodeIgniter.php(318): CodeIgniter\CodeIgniter->handleRequest(NULL, Object(Config\Cache), false)
#12 C:\xampp\htdocs\casn\index.php(37): CodeIgniter\CodeIgniter->run()
#13 {main}
CRITICAL - 2022-02-27 23:10:47 --> Function name must be a string
#0 C:\xampp\htdocs\casn\system\View\View.php(214): include()
#1 C:\xampp\htdocs\casn\system\View\View.php(217): CodeIgniter\View\View->CodeIgniter\View\{closure}()
#2 C:\xampp\htdocs\casn\system\View\View.php(432): CodeIgniter\View\View->render('temp/sidebar', NULL, true)
#3 C:\xampp\htdocs\casn\app\Views\temp\tempcore.php(3): CodeIgniter\View\View->include('temp/sidebar')
#4 C:\xampp\htdocs\casn\system\View\View.php(214): include('C:\\xampp\\htdocs...')
#5 C:\xampp\htdocs\casn\system\View\View.php(217): CodeIgniter\View\View->CodeIgniter\View\{closure}()
#6 C:\xampp\htdocs\casn\system\View\View.php(230): CodeIgniter\View\View->render('temp/tempcore', Array, true)
#7 C:\xampp\htdocs\casn\system\Common.php(1097): CodeIgniter\View\View->render('admin/index', Array, true)
#8 C:\xampp\htdocs\casn\app\Controllers\Home.php(9): view('admin/index')
#9 C:\xampp\htdocs\casn\system\CodeIgniter.php(824): App\Controllers\Home->index()
#10 C:\xampp\htdocs\casn\system\CodeIgniter.php(410): CodeIgniter\CodeIgniter->runController(Object(App\Controllers\Home))
#11 C:\xampp\htdocs\casn\system\CodeIgniter.php(318): CodeIgniter\CodeIgniter->handleRequest(NULL, Object(Config\Cache), false)
#12 C:\xampp\htdocs\casn\index.php(37): CodeIgniter\CodeIgniter->run()
#13 {main}
CRITICAL - 2022-02-27 23:11:59 --> Function name must be a string
#0 C:\xampp\htdocs\casn\system\View\View.php(214): include()
#1 C:\xampp\htdocs\casn\system\View\View.php(217): CodeIgniter\View\View->CodeIgniter\View\{closure}()
#2 C:\xampp\htdocs\casn\system\View\View.php(432): CodeIgniter\View\View->render('temp/sidebar', NULL, true)
#3 C:\xampp\htdocs\casn\app\Views\temp\tempcore.php(3): CodeIgniter\View\View->include('temp/sidebar')
#4 C:\xampp\htdocs\casn\system\View\View.php(214): include('C:\\xampp\\htdocs...')
#5 C:\xampp\htdocs\casn\system\View\View.php(217): CodeIgniter\View\View->CodeIgniter\View\{closure}()
#6 C:\xampp\htdocs\casn\system\View\View.php(230): CodeIgniter\View\View->render('temp/tempcore', Array, true)
#7 C:\xampp\htdocs\casn\system\Common.php(1097): CodeIgniter\View\View->render('admin/index', Array, true)
#8 C:\xampp\htdocs\casn\app\Controllers\Home.php(9): view('admin/index')
#9 C:\xampp\htdocs\casn\system\CodeIgniter.php(824): App\Controllers\Home->index()
#10 C:\xampp\htdocs\casn\system\CodeIgniter.php(410): CodeIgniter\CodeIgniter->runController(Object(App\Controllers\Home))
#11 C:\xampp\htdocs\casn\system\CodeIgniter.php(318): CodeIgniter\CodeIgniter->handleRequest(NULL, Object(Config\Cache), false)
#12 C:\xampp\htdocs\casn\index.php(37): CodeIgniter\CodeIgniter->run()
#13 {main}
CRITICAL - 2022-02-27 23:15:37 --> Undefined index: nama_menu
#0 C:\xampp\htdocs\casn\app\Views\temp\sidebar.php(58): CodeIgniter\Debug\Exceptions->errorHandler(8, 'Undefined index...', 'C:\\xampp\\htdocs...', 58, Array)
#1 C:\xampp\htdocs\casn\system\View\View.php(214): include('C:\\xampp\\htdocs...')
#2 C:\xampp\htdocs\casn\system\View\View.php(217): CodeIgniter\View\View->CodeIgniter\View\{closure}()
#3 C:\xampp\htdocs\casn\system\View\View.php(432): CodeIgniter\View\View->render('temp/sidebar', NULL, true)
#4 C:\xampp\htdocs\casn\app\Views\temp\tempcore.php(3): CodeIgniter\View\View->include('temp/sidebar')
#5 C:\xampp\htdocs\casn\system\View\View.php(214): include('C:\\xampp\\htdocs...')
#6 C:\xampp\htdocs\casn\system\View\View.php(217): CodeIgniter\View\View->CodeIgniter\View\{closure}()
#7 C:\xampp\htdocs\casn\system\View\View.php(230): CodeIgniter\View\View->render('temp/tempcore', Array, true)
#8 C:\xampp\htdocs\casn\system\Common.php(1097): CodeIgniter\View\View->render('admin/index', Array, true)
#9 C:\xampp\htdocs\casn\app\Controllers\Home.php(9): view('admin/index')
#10 C:\xampp\htdocs\casn\system\CodeIgniter.php(824): App\Controllers\Home->index()
#11 C:\xampp\htdocs\casn\system\CodeIgniter.php(410): CodeIgniter\CodeIgniter->runController(Object(App\Controllers\Home))
#12 C:\xampp\htdocs\casn\system\CodeIgniter.php(318): CodeIgniter\CodeIgniter->handleRequest(NULL, Object(Config\Cache), false)
#13 C:\xampp\htdocs\casn\index.php(37): CodeIgniter\CodeIgniter->run()
#14 {main}
CRITICAL - 2022-02-27 23:16:00 --> Undefined index: nama_menu
#0 C:\xampp\htdocs\casn\app\Views\temp\sidebar.php(58): CodeIgniter\Debug\Exceptions->errorHandler(8, 'Undefined index...', 'C:\\xampp\\htdocs...', 58, Array)
#1 C:\xampp\htdocs\casn\system\View\View.php(214): include('C:\\xampp\\htdocs...')
#2 C:\xampp\htdocs\casn\system\View\View.php(217): CodeIgniter\View\View->CodeIgniter\View\{closure}()
#3 C:\xampp\htdocs\casn\system\View\View.php(432): CodeIgniter\View\View->render('temp/sidebar', NULL, true)
#4 C:\xampp\htdocs\casn\app\Views\temp\tempcore.php(3): CodeIgniter\View\View->include('temp/sidebar')
#5 C:\xampp\htdocs\casn\system\View\View.php(214): include('C:\\xampp\\htdocs...')
#6 C:\xampp\htdocs\casn\system\View\View.php(217): CodeIgniter\View\View->CodeIgniter\View\{closure}()
#7 C:\xampp\htdocs\casn\system\View\View.php(230): CodeIgniter\View\View->render('temp/tempcore', Array, true)
#8 C:\xampp\htdocs\casn\system\Common.php(1097): CodeIgniter\View\View->render('admin/index', Array, true)
#9 C:\xampp\htdocs\casn\app\Controllers\Home.php(9): view('admin/index')
#10 C:\xampp\htdocs\casn\system\CodeIgniter.php(824): App\Controllers\Home->index()
#11 C:\xampp\htdocs\casn\system\CodeIgniter.php(410): CodeIgniter\CodeIgniter->runController(Object(App\Controllers\Home))
#12 C:\xampp\htdocs\casn\system\CodeIgniter.php(318): CodeIgniter\CodeIgniter->handleRequest(NULL, Object(Config\Cache), false)
#13 C:\xampp\htdocs\casn\index.php(37): CodeIgniter\CodeIgniter->run()
#14 {main}
CRITICAL - 2022-02-27 23:17:48 --> Undefined index: nama_menu
#0 C:\xampp\htdocs\casn\app\Views\temp\sidebar.php(50): CodeIgniter\Debug\Exceptions->errorHandler(8, 'Undefined index...', 'C:\\xampp\\htdocs...', 50, Array)
#1 C:\xampp\htdocs\casn\system\View\View.php(214): include('C:\\xampp\\htdocs...')
#2 C:\xampp\htdocs\casn\system\View\View.php(217): CodeIgniter\View\View->CodeIgniter\View\{closure}()
#3 C:\xampp\htdocs\casn\system\View\View.php(432): CodeIgniter\View\View->render('temp/sidebar', NULL, true)
#4 C:\xampp\htdocs\casn\app\Views\temp\tempcore.php(3): CodeIgniter\View\View->include('temp/sidebar')
#5 C:\xampp\htdocs\casn\system\View\View.php(214): include('C:\\xampp\\htdocs...')
#6 C:\xampp\htdocs\casn\system\View\View.php(217): CodeIgniter\View\View->CodeIgniter\View\{closure}()
#7 C:\xampp\htdocs\casn\system\View\View.php(230): CodeIgniter\View\View->render('temp/tempcore', Array, true)
#8 C:\xampp\htdocs\casn\system\Common.php(1097): CodeIgniter\View\View->render('admin/index', Array, true)
#9 C:\xampp\htdocs\casn\app\Controllers\Home.php(9): view('admin/index')
#10 C:\xampp\htdocs\casn\system\CodeIgniter.php(824): App\Controllers\Home->index()
#11 C:\xampp\htdocs\casn\system\CodeIgniter.php(410): CodeIgniter\CodeIgniter->runController(Object(App\Controllers\Home))
#12 C:\xampp\htdocs\casn\system\CodeIgniter.php(318): CodeIgniter\CodeIgniter->handleRequest(NULL, Object(Config\Cache), false)
#13 C:\xampp\htdocs\casn\index.php(37): CodeIgniter\CodeIgniter->run()
#14 {main}
CRITICAL - 2022-02-27 23:19:14 --> Undefined index: nama_menu
#0 C:\xampp\htdocs\casn\app\Views\temp\sidebar.php(58): CodeIgniter\Debug\Exceptions->errorHandler(8, 'Undefined index...', 'C:\\xampp\\htdocs...', 58, Array)
#1 C:\xampp\htdocs\casn\system\View\View.php(214): include('C:\\xampp\\htdocs...')
#2 C:\xampp\htdocs\casn\system\View\View.php(217): CodeIgniter\View\View->CodeIgniter\View\{closure}()
#3 C:\xampp\htdocs\casn\system\View\View.php(432): CodeIgniter\View\View->render('temp/sidebar', NULL, true)
#4 C:\xampp\htdocs\casn\app\Views\temp\tempcore.php(3): CodeIgniter\View\View->include('temp/sidebar')
#5 C:\xampp\htdocs\casn\system\View\View.php(214): include('C:\\xampp\\htdocs...')
#6 C:\xampp\htdocs\casn\system\View\View.php(217): CodeIgniter\View\View->CodeIgniter\View\{closure}()
#7 C:\xampp\htdocs\casn\system\View\View.php(230): CodeIgniter\View\View->render('temp/tempcore', Array, true)
#8 C:\xampp\htdocs\casn\system\Common.php(1097): CodeIgniter\View\View->render('admin/index', Array, true)
#9 C:\xampp\htdocs\casn\app\Controllers\Home.php(9): view('admin/index')
#10 C:\xampp\htdocs\casn\system\CodeIgniter.php(824): App\Controllers\Home->index()
#11 C:\xampp\htdocs\casn\system\CodeIgniter.php(410): CodeIgniter\CodeIgniter->runController(Object(App\Controllers\Home))
#12 C:\xampp\htdocs\casn\system\CodeIgniter.php(318): CodeIgniter\CodeIgniter->handleRequest(NULL, Object(Config\Cache), false)
#13 C:\xampp\htdocs\casn\index.php(37): CodeIgniter\CodeIgniter->run()
#14 {main}
CRITICAL - 2022-02-27 23:19:52 --> Undefined index: nama_menu
#0 C:\xampp\htdocs\casn\app\Views\temp\sidebar.php(50): CodeIgniter\Debug\Exceptions->errorHandler(8, 'Undefined index...', 'C:\\xampp\\htdocs...', 50, Array)
#1 C:\xampp\htdocs\casn\system\View\View.php(214): include('C:\\xampp\\htdocs...')
#2 C:\xampp\htdocs\casn\system\View\View.php(217): CodeIgniter\View\View->CodeIgniter\View\{closure}()
#3 C:\xampp\htdocs\casn\system\View\View.php(432): CodeIgniter\View\View->render('temp/sidebar', NULL, true)
#4 C:\xampp\htdocs\casn\app\Views\temp\tempcore.php(3): CodeIgniter\View\View->include('temp/sidebar')
#5 C:\xampp\htdocs\casn\system\View\View.php(214): include('C:\\xampp\\htdocs...')
#6 C:\xampp\htdocs\casn\system\View\View.php(217): CodeIgniter\View\View->CodeIgniter\View\{closure}()
#7 C:\xampp\htdocs\casn\system\View\View.php(230): CodeIgniter\View\View->render('temp/tempcore', Array, true)
#8 C:\xampp\htdocs\casn\system\Common.php(1097): CodeIgniter\View\View->render('admin/index', Array, true)
#9 C:\xampp\htdocs\casn\app\Controllers\Home.php(9): view('admin/index')
#10 C:\xampp\htdocs\casn\system\CodeIgniter.php(824): App\Controllers\Home->index()
#11 C:\xampp\htdocs\casn\system\CodeIgniter.php(410): CodeIgniter\CodeIgniter->runController(Object(App\Controllers\Home))
#12 C:\xampp\htdocs\casn\system\CodeIgniter.php(318): CodeIgniter\CodeIgniter->handleRequest(NULL, Object(Config\Cache), false)
#13 C:\xampp\htdocs\casn\index.php(37): CodeIgniter\CodeIgniter->run()
#14 {main}
